2023-03-29 01:09:44.164  INFO 7307 --- [main] kr.co.kmarket.KmarketSpringApplication   : Starting KmarketSpringApplication using Java 17.0.6 on ip-172-31-13-198.ap-northeast-2.compute.internal with PID 7307 (/home/spring/KmarketSpring/KmarketSpring-0.0.1-SNAPSHOT.jar started by root in /home/spring/KmarketSpring)
2023-03-29 01:09:44.175  INFO 7307 --- [main] kr.co.kmarket.KmarketSpringApplication   : No active profile set, falling back to 1 default profile: "default"
2023-03-29 01:09:46.580  INFO 7307 --- [main] .s.d.r.c.RepositoryConfigurationDelegate : Bootstrapping Spring Data JPA repositories in DEFAULT mode.
2023-03-29 01:09:46.802  INFO 7307 --- [main] .s.d.r.c.RepositoryConfigurationDelegate : Finished Spring Data repository scanning in 187 ms. Found 1 JPA repository interfaces.
2023-03-29 01:09:47.256  WARN 7307 --- [main] o.m.s.mapper.ClassPathMapperScanner      : Skipping MapperFactoryBean with name 'adminDAO' and 'kr.co.kmarket.dao.AdminDAO' mapperInterface. Bean already defined with the same name!
2023-03-29 01:09:47.257  WARN 7307 --- [main] o.m.s.mapper.ClassPathMapperScanner      : Skipping MapperFactoryBean with name 'csDAO' and 'kr.co.kmarket.dao.CsDAO' mapperInterface. Bean already defined with the same name!
2023-03-29 01:09:47.257  WARN 7307 --- [main] o.m.s.mapper.ClassPathMapperScanner      : Skipping MapperFactoryBean with name 'memberDAO' and 'kr.co.kmarket.dao.MemberDAO' mapperInterface. Bean already defined with the same name!
2023-03-29 01:09:47.257  WARN 7307 --- [main] o.m.s.mapper.ClassPathMapperScanner      : Skipping MapperFactoryBean with name 'myPageDAO' and 'kr.co.kmarket.dao.MyPageDAO' mapperInterface. Bean already defined with the same name!
2023-03-29 01:09:47.257  WARN 7307 --- [main] o.m.s.mapper.ClassPathMapperScanner      : Skipping MapperFactoryBean with name 'popupDAO' and 'kr.co.kmarket.dao.PopupDAO' mapperInterface. Bean already defined with the same name!
2023-03-29 01:09:47.258  WARN 7307 --- [main] o.m.s.mapper.ClassPathMapperScanner      : Skipping MapperFactoryBean with name 'productDAO' and 'kr.co.kmarket.dao.ProductDAO' mapperInterface. Bean already defined with the same name!
2023-03-29 01:09:47.268  WARN 7307 --- [main] o.m.s.mapper.ClassPathMapperScanner      : No MyBatis mapper was found in '[kr.co.kmarket.dao]' package. Please check your configuration.
2023-03-29 01:09:47.273  WARN 7307 --- [main] o.m.s.mapper.ClassPathMapperScanner      : Skipping MapperFactoryBean with name 'adminDAO' and 'kr.co.kmarket.dao.AdminDAO' mapperInterface. Bean already defined with the same name!
2023-03-29 01:09:47.274  WARN 7307 --- [main] o.m.s.mapper.ClassPathMapperScanner      : Skipping MapperFactoryBean with name 'csDAO' and 'kr.co.kmarket.dao.CsDAO' mapperInterface. Bean already defined with the same name!
2023-03-29 01:09:47.275  WARN 7307 --- [main] o.m.s.mapper.ClassPathMapperScanner      : Skipping MapperFactoryBean with name 'memberDAO' and 'kr.co.kmarket.dao.MemberDAO' mapperInterface. Bean already defined with the same name!
2023-03-29 01:09:47.276  WARN 7307 --- [main] o.m.s.mapper.ClassPathMapperScanner      : Skipping MapperFactoryBean with name 'myPageDAO' and 'kr.co.kmarket.dao.MyPageDAO' mapperInterface. Bean already defined with the same name!
2023-03-29 01:09:47.276  WARN 7307 --- [main] o.m.s.mapper.ClassPathMapperScanner      : Skipping MapperFactoryBean with name 'popupDAO' and 'kr.co.kmarket.dao.PopupDAO' mapperInterface. Bean already defined with the same name!
2023-03-29 01:09:47.277  WARN 7307 --- [main] o.m.s.mapper.ClassPathMapperScanner      : Skipping MapperFactoryBean with name 'productDAO' and 'kr.co.kmarket.dao.ProductDAO' mapperInterface. Bean already defined with the same name!
2023-03-29 01:09:47.277  WARN 7307 --- [main] o.m.s.mapper.ClassPathMapperScanner      : No MyBatis mapper was found in '[kr.co.kmarket.dao]' package. Please check your configuration.
2023-03-29 01:09:47.289  WARN 7307 --- [main] o.m.s.mapper.ClassPathMapperScanner      : Skipping MapperFactoryBean with name 'adminDAO' and 'kr.co.kmarket.dao.AdminDAO' mapperInterface. Bean already defined with the same name!
2023-03-29 01:09:47.289  WARN 7307 --- [main] o.m.s.mapper.ClassPathMapperScanner      : Skipping MapperFactoryBean with name 'csDAO' and 'kr.co.kmarket.dao.CsDAO' mapperInterface. Bean already defined with the same name!
2023-03-29 01:09:47.289  WARN 7307 --- [main] o.m.s.mapper.ClassPathMapperScanner      : Skipping MapperFactoryBean with name 'memberDAO' and 'kr.co.kmarket.dao.MemberDAO' mapperInterface. Bean already defined with the same name!
2023-03-29 01:09:47.289  WARN 7307 --- [main] o.m.s.mapper.ClassPathMapperScanner      : Skipping MapperFactoryBean with name 'myPageDAO' and 'kr.co.kmarket.dao.MyPageDAO' mapperInterface. Bean already defined with the same name!
2023-03-29 01:09:47.290  WARN 7307 --- [main] o.m.s.mapper.ClassPathMapperScanner      : Skipping MapperFactoryBean with name 'popupDAO' and 'kr.co.kmarket.dao.PopupDAO' mapperInterface. Bean already defined with the same name!
2023-03-29 01:09:47.293  WARN 7307 --- [main] o.m.s.mapper.ClassPathMapperScanner      : Skipping MapperFactoryBean with name 'productDAO' and 'kr.co.kmarket.dao.ProductDAO' mapperInterface. Bean already defined with the same name!
2023-03-29 01:09:47.294  WARN 7307 --- [main] o.m.s.mapper.ClassPathMapperScanner      : No MyBatis mapper was found in '[kr.co.kmarket.dao]' package. Please check your configuration.
2023-03-29 01:09:48.701  INFO 7307 --- [main] o.s.b.w.embedded.tomcat.TomcatWebServer  : Tomcat initialized with port(s): 8080 (http)
2023-03-29 01:09:48.731  INFO 7307 --- [main] o.apache.catalina.core.StandardService   : Starting service [Tomcat]
2023-03-29 01:09:48.732  INFO 7307 --- [main] org.apache.catalina.core.StandardEngine  : Starting Servlet engine: [Apache Tomcat/9.0.71]
2023-03-29 01:09:48.911  INFO 7307 --- [main] o.a.c.c.C.[.[localhost].[/Kmarket]       : Initializing Spring embedded WebApplicationContext
2023-03-29 01:09:48.912  INFO 7307 --- [main] w.s.c.ServletWebServerApplicationContext : Root WebApplicationContext: initialization completed in 4598 ms
2023-03-29 01:09:49.967  INFO 7307 --- [main] o.hibernate.jpa.internal.util.LogHelper  : HHH000204: Processing PersistenceUnitInfo [name: default]
2023-03-29 01:09:50.101  INFO 7307 --- [main] org.hibernate.Version                    : HHH000412: Hibernate ORM core version 5.6.14.Final
2023-03-29 01:09:50.519  INFO 7307 --- [main] o.hibernate.annotations.common.Version   : HCANN000001: Hibernate Commons Annotations {5.1.2.Final}
2023-03-29 01:09:50.797  INFO 7307 --- [main] com.zaxxer.hikari.HikariDataSource       : HikariPool-1 - Starting...
2023-03-29 01:09:51.156  INFO 7307 --- [main] com.zaxxer.hikari.HikariDataSource       : HikariPool-1 - Start completed.
2023-03-29 01:09:51.193  INFO 7307 --- [main] org.hibernate.dialect.Dialect            : HHH000400: Using dialect: org.hibernate.dialect.MySQL5InnoDBDialect
2023-03-29 01:09:52.786  INFO 7307 --- [main] o.h.e.t.j.p.i.JtaPlatformInitiator       : HHH000490: Using JtaPlatform implementation: [org.hibernate.engine.transaction.jta.platform.internal.NoJtaPlatform]
2023-03-29 01:09:52.813  INFO 7307 --- [main] j.LocalContainerEntityManagerFactoryBean : Initialized JPA EntityManagerFactory for persistence unit 'default'
2023-03-29 01:09:52.957  WARN 7307 --- [main] JpaBaseConfiguration$JpaWebConfiguration : spring.jpa.open-in-view is enabled by default. Therefore, database queries may be performed during view rendering. Explicitly configure spring.jpa.open-in-view to disable this warning
2023-03-29 01:09:55.026  INFO 7307 --- [main] o.s.s.web.DefaultSecurityFilterChain     : Will secure any request with [org.springframework.security.web.session.DisableEncodeUrlFilter@423c5404, org.springframework.security.web.context.request.async.WebAsyncManagerIntegrationFilter@5853ca50, org.springframework.security.web.context.SecurityContextPersistenceFilter@6b6b3572, org.springframework.security.web.header.HeaderWriterFilter@3662bdff, org.springframework.security.web.authentication.logout.LogoutFilter@2f521c4, org.springframework.security.web.authentication.UsernamePasswordAuthenticationFilter@6deee370, org.springframework.security.web.savedrequest.RequestCacheAwareFilter@444f44c5, org.springframework.security.web.servletapi.SecurityContextHolderAwareRequestFilter@2149594a, org.springframework.security.web.authentication.AnonymousAuthenticationFilter@1a0d96a5, org.springframework.security.web.session.SessionManagementFilter@4fa822ad, org.springframework.security.web.access.ExceptionTranslationFilter@50f097b5, org.springframework.security.web.access.intercept.FilterSecurityInterceptor@557a84fe]
2023-03-29 01:09:55.497  INFO 7307 --- [main] o.s.b.a.w.s.WelcomePageHandlerMapping    : Adding welcome page template: index
2023-03-29 01:09:56.049  INFO 7307 --- [main] o.s.b.w.embedded.tomcat.TomcatWebServer  : Tomcat started on port(s): 8080 (http) with context path '/Kmarket'
2023-03-29 01:09:56.071  INFO 7307 --- [main] kr.co.kmarket.KmarketSpringApplication   : Started KmarketSpringApplication in 13.167 seconds (JVM running for 14.413)
2023-03-29 01:10:16.202  INFO 7307 --- [http-nio-8080-exec-2] o.a.c.c.C.[.[localhost].[/Kmarket]       : Initializing Spring DispatcherServlet 'dispatcherServlet'
2023-03-29 01:10:16.203  INFO 7307 --- [http-nio-8080-exec-2] o.s.web.servlet.DispatcherServlet        : Initializing Servlet 'dispatcherServlet'
2023-03-29 01:10:16.205  INFO 7307 --- [http-nio-8080-exec-2] o.s.web.servlet.DispatcherServlet        : Completed initialization in 2 ms
