2023-04-07T11:08:32.923+09:00  INFO 1188 --- [restartedMain] kr.co.beauty.BeautyApplication           : Starting BeautyApplication using Java 17.0.5 with PID 1188 (C:\Users\java1\Desktop\Beauty\beauty\bin\main started by java1 in C:\Users\java1\Desktop\Beauty\beauty)
2023-04-07T11:08:32.928+09:00  INFO 1188 --- [restartedMain] kr.co.beauty.BeautyApplication           : No active profile set, falling back to 1 default profile: "default"
2023-04-07T11:08:33.128+09:00  INFO 1188 --- [restartedMain] .e.DevToolsPropertyDefaultsPostProcessor : Devtools property defaults active! Set 'spring.devtools.add-properties' to 'false' to disable
2023-04-07T11:08:33.128+09:00  INFO 1188 --- [restartedMain] .e.DevToolsPropertyDefaultsPostProcessor : For additional web related logging consider setting the 'logging.level.web' property to 'DEBUG'
2023-04-07T11:08:33.571+09:00  INFO 1188 --- [restartedMain] .s.d.r.c.RepositoryConfigurationDelegate : Bootstrapping Spring Data JPA repositories in DEFAULT mode.
2023-04-07T11:08:33.611+09:00  INFO 1188 --- [restartedMain] .s.d.r.c.RepositoryConfigurationDelegate : Finished Spring Data repository scanning in 34 ms. Found 1 JPA repository interfaces.
2023-04-07T11:08:33.692+09:00  WARN 1188 --- [restartedMain] o.m.s.mapper.ClassPathMapperScanner      : Skipping MapperFactoryBean with name 'adminDAO' and 'kr.co.beauty.dao.AdminDAO' mapperInterface. Bean already defined with the same name!
2023-04-07T11:08:33.692+09:00  WARN 1188 --- [restartedMain] o.m.s.mapper.ClassPathMapperScanner      : Skipping MapperFactoryBean with name 'mainDAO' and 'kr.co.beauty.dao.MainDAO' mapperInterface. Bean already defined with the same name!
2023-04-07T11:08:33.692+09:00  WARN 1188 --- [restartedMain] o.m.s.mapper.ClassPathMapperScanner      : Skipping MapperFactoryBean with name 'memberDAO' and 'kr.co.beauty.dao.MemberDAO' mapperInterface. Bean already defined with the same name!
2023-04-07T11:08:33.692+09:00  WARN 1188 --- [restartedMain] o.m.s.mapper.ClassPathMapperScanner      : Skipping MapperFactoryBean with name 'myshopDAO' and 'kr.co.beauty.dao.MyshopDAO' mapperInterface. Bean already defined with the same name!
2023-04-07T11:08:33.692+09:00  WARN 1188 --- [restartedMain] o.m.s.mapper.ClassPathMapperScanner      : Skipping MapperFactoryBean with name 'orderDAO' and 'kr.co.beauty.dao.OrderDAO' mapperInterface. Bean already defined with the same name!
2023-04-07T11:08:33.692+09:00  WARN 1188 --- [restartedMain] o.m.s.mapper.ClassPathMapperScanner      : Skipping MapperFactoryBean with name 'productDAO' and 'kr.co.beauty.dao.ProductDAO' mapperInterface. Bean already defined with the same name!
2023-04-07T11:08:33.693+09:00  WARN 1188 --- [restartedMain] o.m.s.mapper.ClassPathMapperScanner      : No MyBatis mapper was found in '[kr.co.beauty.dao]' package. Please check your configuration.
2023-04-07T11:08:33.694+09:00  WARN 1188 --- [restartedMain] o.m.s.mapper.ClassPathMapperScanner      : No MyBatis mapper was found in '[kr.co.beauty.vo]' package. Please check your configuration.
2023-04-07T11:08:33.695+09:00  WARN 1188 --- [restartedMain] o.m.s.mapper.ClassPathMapperScanner      : Skipping MapperFactoryBean with name 'adminDAO' and 'kr.co.beauty.dao.AdminDAO' mapperInterface. Bean already defined with the same name!
2023-04-07T11:08:33.696+09:00  WARN 1188 --- [restartedMain] o.m.s.mapper.ClassPathMapperScanner      : Skipping MapperFactoryBean with name 'mainDAO' and 'kr.co.beauty.dao.MainDAO' mapperInterface. Bean already defined with the same name!
2023-04-07T11:08:33.696+09:00  WARN 1188 --- [restartedMain] o.m.s.mapper.ClassPathMapperScanner      : Skipping MapperFactoryBean with name 'memberDAO' and 'kr.co.beauty.dao.MemberDAO' mapperInterface. Bean already defined with the same name!
2023-04-07T11:08:33.696+09:00  WARN 1188 --- [restartedMain] o.m.s.mapper.ClassPathMapperScanner      : Skipping MapperFactoryBean with name 'myshopDAO' and 'kr.co.beauty.dao.MyshopDAO' mapperInterface. Bean already defined with the same name!
2023-04-07T11:08:33.696+09:00  WARN 1188 --- [restartedMain] o.m.s.mapper.ClassPathMapperScanner      : Skipping MapperFactoryBean with name 'orderDAO' and 'kr.co.beauty.dao.OrderDAO' mapperInterface. Bean already defined with the same name!
2023-04-07T11:08:33.696+09:00  WARN 1188 --- [restartedMain] o.m.s.mapper.ClassPathMapperScanner      : Skipping MapperFactoryBean with name 'productDAO' and 'kr.co.beauty.dao.ProductDAO' mapperInterface. Bean already defined with the same name!
2023-04-07T11:08:33.696+09:00  WARN 1188 --- [restartedMain] o.m.s.mapper.ClassPathMapperScanner      : No MyBatis mapper was found in '[kr.co.beauty.dao]' package. Please check your configuration.
2023-04-07T11:08:33.697+09:00  WARN 1188 --- [restartedMain] o.m.s.mapper.ClassPathMapperScanner      : Skipping MapperFactoryBean with name 'adminDAO' and 'kr.co.beauty.dao.AdminDAO' mapperInterface. Bean already defined with the same name!
2023-04-07T11:08:33.697+09:00  WARN 1188 --- [restartedMain] o.m.s.mapper.ClassPathMapperScanner      : Skipping MapperFactoryBean with name 'mainDAO' and 'kr.co.beauty.dao.MainDAO' mapperInterface. Bean already defined with the same name!
2023-04-07T11:08:33.697+09:00  WARN 1188 --- [restartedMain] o.m.s.mapper.ClassPathMapperScanner      : Skipping MapperFactoryBean with name 'memberDAO' and 'kr.co.beauty.dao.MemberDAO' mapperInterface. Bean already defined with the same name!
2023-04-07T11:08:33.697+09:00  WARN 1188 --- [restartedMain] o.m.s.mapper.ClassPathMapperScanner      : Skipping MapperFactoryBean with name 'myshopDAO' and 'kr.co.beauty.dao.MyshopDAO' mapperInterface. Bean already defined with the same name!
2023-04-07T11:08:33.698+09:00  WARN 1188 --- [restartedMain] o.m.s.mapper.ClassPathMapperScanner      : Skipping MapperFactoryBean with name 'orderDAO' and 'kr.co.beauty.dao.OrderDAO' mapperInterface. Bean already defined with the same name!
2023-04-07T11:08:33.698+09:00  WARN 1188 --- [restartedMain] o.m.s.mapper.ClassPathMapperScanner      : Skipping MapperFactoryBean with name 'productDAO' and 'kr.co.beauty.dao.ProductDAO' mapperInterface. Bean already defined with the same name!
2023-04-07T11:08:33.698+09:00  WARN 1188 --- [restartedMain] o.m.s.mapper.ClassPathMapperScanner      : No MyBatis mapper was found in '[kr.co.beauty.dao]' package. Please check your configuration.
2023-04-07T11:08:33.699+09:00  WARN 1188 --- [restartedMain] o.m.s.mapper.ClassPathMapperScanner      : No MyBatis mapper was found in '[kr.co.beauty.vo]' package. Please check your configuration.
2023-04-07T11:08:34.046+09:00  INFO 1188 --- [restartedMain] o.s.b.w.embedded.tomcat.TomcatWebServer  : Tomcat initialized with port(s): 8080 (http)
2023-04-07T11:08:34.054+09:00  INFO 1188 --- [restartedMain] o.apache.catalina.core.StandardService   : Starting service [Tomcat]
2023-04-07T11:08:34.055+09:00  INFO 1188 --- [restartedMain] o.apache.catalina.core.StandardEngine    : Starting Servlet engine: [Apache Tomcat/10.1.5]
2023-04-07T11:08:34.101+09:00  INFO 1188 --- [restartedMain] o.a.c.c.C.[.[localhost].[/Beauty]        : Initializing Spring embedded WebApplicationContext
2023-04-07T11:08:34.101+09:00  INFO 1188 --- [restartedMain] w.s.c.ServletWebServerApplicationContext : Root WebApplicationContext: initialization completed in 973 ms
2023-04-07T11:08:34.223+09:00  INFO 1188 --- [restartedMain] o.hibernate.jpa.internal.util.LogHelper  : HHH000204: Processing PersistenceUnitInfo [name: default]
2023-04-07T11:08:34.272+09:00  INFO 1188 --- [restartedMain] org.hibernate.Version                    : HHH000412: Hibernate ORM core version 6.1.7.Final
2023-04-07T11:08:34.490+09:00  INFO 1188 --- [restartedMain] com.zaxxer.hikari.HikariDataSource       : HikariPool-1 - Starting...
2023-04-07T11:08:34.677+09:00  INFO 1188 --- [restartedMain] com.zaxxer.hikari.pool.HikariPool        : HikariPool-1 - Added connection com.mysql.cj.jdbc.ConnectionImpl@470e5723
2023-04-07T11:08:34.679+09:00  INFO 1188 --- [restartedMain] com.zaxxer.hikari.HikariDataSource       : HikariPool-1 - Start completed.
2023-04-07T11:08:34.692+09:00  INFO 1188 --- [restartedMain] SQL dialect                              : HHH000400: Using dialect: org.hibernate.dialect.MySQL57Dialect
2023-04-07T11:08:34.693+09:00  WARN 1188 --- [restartedMain] org.hibernate.orm.deprecation            : HHH90000026: MySQL57Dialect has been deprecated; use org.hibernate.dialect.MySQLDialect instead
2023-04-07T11:08:35.354+09:00  INFO 1188 --- [restartedMain] o.h.e.t.j.p.i.JtaPlatformInitiator       : HHH000490: Using JtaPlatform implementation: [org.hibernate.engine.transaction.jta.platform.internal.NoJtaPlatform]
2023-04-07T11:08:35.365+09:00  INFO 1188 --- [restartedMain] j.LocalContainerEntityManagerFactoryBean : Initialized JPA EntityManagerFactory for persistence unit 'default'
2023-04-07T11:08:35.842+09:00  WARN 1188 --- [restartedMain] JpaBaseConfiguration$JpaWebConfiguration : spring.jpa.open-in-view is enabled by default. Therefore, database queries may be performed during view rendering. Explicitly configure spring.jpa.open-in-view to disable this warning
2023-04-07T11:08:35.914+09:00  INFO 1188 --- [restartedMain] o.s.b.a.w.s.WelcomePageHandlerMapping    : Adding welcome page template: index
2023-04-07T11:08:36.025+09:00  INFO 1188 --- [restartedMain] o.s.s.web.DefaultSecurityFilterChain     : Will secure any request with [org.springframework.security.web.session.DisableEncodeUrlFilter@4973740b, org.springframework.security.web.context.request.async.WebAsyncManagerIntegrationFilter@20a00d8e, org.springframework.security.web.context.SecurityContextHolderFilter@71d5833a, org.springframework.security.web.header.HeaderWriterFilter@71747e73, org.springframework.security.web.csrf.CsrfFilter@4988210f, org.springframework.security.web.authentication.logout.LogoutFilter@3ac5fb27, org.springframework.security.web.authentication.UsernamePasswordAuthenticationFilter@38a59a67, org.springframework.security.web.savedrequest.RequestCacheAwareFilter@20479c02, org.springframework.security.web.servletapi.SecurityContextHolderAwareRequestFilter@249f3b4f, org.springframework.security.web.authentication.rememberme.RememberMeAuthenticationFilter@23295271, org.springframework.security.web.authentication.AnonymousAuthenticationFilter@1616fa12, org.springframework.security.web.access.ExceptionTranslationFilter@7ad31c26, org.springframework.security.web.access.intercept.AuthorizationFilter@6d7751c0]
2023-04-07T11:08:36.027+09:00  WARN 1188 --- [restartedMain] o.s.s.c.a.web.builders.WebSecurity       : You are asking Spring Security to ignore org.springframework.boot.autoconfigure.security.servlet.StaticResourceRequest$StaticResourceRequestMatcher@666dfe8f. This is not recommended -- please use permitAll via HttpSecurity#authorizeHttpRequests instead.
2023-04-07T11:08:36.027+09:00  INFO 1188 --- [restartedMain] o.s.s.web.DefaultSecurityFilterChain     : Will not secure org.springframework.boot.autoconfigure.security.servlet.StaticResourceRequest$StaticResourceRequestMatcher@666dfe8f
2023-04-07T11:08:36.216+09:00  INFO 1188 --- [restartedMain] o.s.b.d.a.OptionalLiveReloadServer       : LiveReload server is running on port 35729
2023-04-07T11:08:36.242+09:00  INFO 1188 --- [restartedMain] o.s.b.w.embedded.tomcat.TomcatWebServer  : Tomcat started on port(s): 8080 (http) with context path '/Beauty'
2023-04-07T11:08:36.249+09:00  INFO 1188 --- [restartedMain] kr.co.beauty.BeautyApplication           : Started BeautyApplication in 3.604 seconds (process running for 4.149)
2023-04-07T11:12:27.195+09:00  INFO 1188 --- [http-nio-8080-exec-1] o.a.c.c.C.[.[localhost].[/Beauty]        : Initializing Spring DispatcherServlet 'dispatcherServlet'
2023-04-07T11:12:27.195+09:00  INFO 1188 --- [http-nio-8080-exec-1] o.s.web.servlet.DispatcherServlet        : Initializing Servlet 'dispatcherServlet'
2023-04-07T11:12:27.196+09:00  INFO 1188 --- [http-nio-8080-exec-1] o.s.web.servlet.DispatcherServlet        : Completed initialization in 1 ms
2023-04-07T11:12:27.227+09:00  INFO 1188 --- [http-nio-8080-exec-1] k.co.beauty.controller.AdminController   : 상품목록 페이지 출력
2023-04-07T11:12:27.562+09:00  INFO 1188 --- [http-nio-8080-exec-4] k.co.beauty.controller.AdminController   : 상품목록::카테고리별 상품목록 보기
2023-04-07T11:16:07.875+09:00  WARN 1188 --- [http-nio-8080-exec-4] .w.s.m.s.DefaultHandlerExceptionResolver : Resolved [org.springframework.web.bind.MissingServletRequestParameterException: Required request parameter 'collection[]' for method parameter type List is not present]
2023-04-07T11:16:07.875+09:00  WARN 1188 --- [http-nio-8080-exec-8] .w.s.m.s.DefaultHandlerExceptionResolver : Resolved [org.springframework.web.bind.MissingServletRequestParameterException: Required request parameter 'collection[]' for method parameter type List is not present]
